#
# There is insufficient memory for the Java Runtime Environment to continue.
# Native memory allocation (malloc) failed to allocate 275696 bytes. Error detail: Chunk::new
# Possible reasons:
#   The system is out of physical RAM or swap space
#   This process is running with CompressedOops enabled, and the Java Heap may be blocking the growth of the native heap
# Possible solutions:
#   Reduce memory load on the system
#   Increase physical memory or swap space
#   Check if swap backing store is full
#   Decrease Java heap size (-Xmx/-Xms)
#   Decrease number of Java threads
#   Decrease Java thread stack sizes (-Xss)
#   Set larger code cache with -XX:ReservedCodeCacheSize=
#   JVM is running with Unscaled Compressed Oops mode in which the Java heap is
#     placed in the first 4GB address space. The Java Heap base address is the
#     maximum limit for the native heap growth. Please use -XX:HeapBaseMinAddress
#     to set the Java Heap base and to place the Java Heap above 4GB virtual address.
# This output file may be truncated or incomplete.
#
#  Out of Memory Error (arena.cpp:150), pid=8860, tid=9244
#
# JRE version: OpenJDK Runtime Environment Temurin-22.0.2+9 (22.0.2+9) (build 22.0.2+9)
# Java VM: OpenJDK 64-Bit Server VM Temurin-22.0.2+9 (22.0.2+9, mixed mode, tiered, compressed oops, compressed class ptrs, g1 gc, windows-amd64)
# No core dump will be written. Minidumps are not enabled by default on client versions of Windows
#

---------------  S U M M A R Y ------------

Command Line: -ea -Dfile.encoding=UTF-8 -Dstdout.encoding=UTF-8 -Dstderr.encoding=UTF-8 -XX:+ShowCodeDetailsInExceptionMessages org.testng.remote.RemoteTestNG -serport 51108 -protocol json -d C:\Users\Admin\eclipse-workspace\PracticeWP\CucumberFramwork\test-output C:\Users\Admin\AppData\Local\Temp\testng-eclipse--1194607911\testng-customsuite.xml

Host: Intel(R) Core(TM) i3 CPU       M 380  @ 2.53GHz, 4 cores, 3G,  Windows 10 , 64 bit Build 19041 (10.0.19041.4957)
Time: Fri Nov  8 15:00:49 2024 India Standard Time elapsed time: 40.866763 seconds (0d 0h 0m 40s)

---------------  T H R E A D  ---------------

Current thread (0x0000027f52d32120):  JavaThread "C2 CompilerThread0" daemon [_thread_in_native, id=9244, stack(0x0000009580e00000,0x0000009580f00000) (1024K)]


Current CompileTask:
C2:40867 3685       4       java.net.URLStreamHandler::setURL (156 bytes)

Stack: [0x0000009580e00000,0x0000009580f00000]
Native frames: (J=compiled Java code, j=interpreted, Vv=VM code, C=native code)
V  [jvm.dll+0x6ea6a9]  (no source info available)
V  [jvm.dll+0x8cdbf3]  (no source info available)
V  [jvm.dll+0x8d001e]  (no source info available)
V  [jvm.dll+0x8d06f3]  (no source info available)
V  [jvm.dll+0x286dc6]  (no source info available)
V  [jvm.dll+0xc3b8f]  (no source info available)
V  [jvm.dll+0xc3deb]  (no source info available)
V  [jvm.dll+0x2fad1f]  (no source info available)
V  [jvm.dll+0x61219a]  (no source info available)
V  [jvm.dll+0x257462]  (no source info available)
V  [jvm.dll+0x24f91c]  (no source info available)
V  [jvm.dll+0x24d346]  (no source info available)
V  [jvm.dll+0x1cacf0]  (no source info available)
V  [jvm.dll+0x25d312]  (no source info available)
V  [jvm.dll+0x25b5da]  (no source info available)
V  [jvm.dll+0x3fc036]  (no source info available)
V  [jvm.dll+0x875e6b]  (no source info available)
V  [jvm.dll+0x6e8da5]  (no source info available)
C  [ucrtbase.dll+0x21bb2]  (no source info available)
C  [KERNEL32.DLL+0x17374]  (no source info available)
C  [ntdll.dll+0x4cc91]  (no source info available)


---------------  P R O C E S S  ---------------

Threads class SMR info:
_java_thread_list=0x0000027f59e21fd0, length=54, elements={
0x0000027f3a8e33a0, 0x0000027f52d27ca0, 0x0000027f52d29fc0, 0x0000027f570140c0,
0x0000027f57014730, 0x0000027f57015ae0, 0x0000027f57016e90, 0x0000027f52d32120,
0x0000027f57042eb0, 0x0000027f571cb930, 0x0000027f571d3f70, 0x0000027f57a837a0,
0x0000027f596168a0, 0x0000027f58aea7e0, 0x0000027f59a68850, 0x0000027f59d38600,
0x0000027f5858e620, 0x0000027f5858d900, 0x0000027f585906f0, 0x0000027f5858ecb0,
0x0000027f5858df90, 0x0000027f58590060, 0x0000027f5858d270, 0x0000027f5858f340,
0x0000027f5858f9d0, 0x0000027f59798a30, 0x0000027f5979cbd0, 0x0000027f5979eca0,
0x0000027f597983a0, 0x0000027f5979ab00, 0x0000027f5979b190, 0x0000027f59799de0,
0x0000027f59797d10, 0x0000027f5979f330, 0x0000027f5979e610, 0x0000027f597990c0,
0x0000027f59799750, 0x0000027f5979b820, 0x0000027f5979a470, 0x0000027f5979c540,
0x0000027f5979d260, 0x0000027f5979d8f0, 0x0000027f5979df80, 0x0000027f586f65f0,
0x0000027f586f58d0, 0x0000027f586f3e90, 0x0000027f586f6c80, 0x0000027f586f8d50,
0x0000027f586f7310, 0x0000027f586f1dc0, 0x0000027f586f79a0, 0x0000027f586f4bb0,
0x0000027f586f86c0, 0x0000027f586f8030
}

Java Threads: ( => current thread )
  0x0000027f3a8e33a0 JavaThread "main"                              [_thread_blocked, id=4084, stack(0x0000009580000000,0x0000009580100000) (1024K)]
  0x0000027f52d27ca0 JavaThread "Reference Handler"          daemon [_thread_blocked, id=10664, stack(0x0000009580800000,0x0000009580900000) (1024K)]
  0x0000027f52d29fc0 JavaThread "Finalizer"                  daemon [_thread_blocked, id=7820, stack(0x0000009580900000,0x0000009580a00000) (1024K)]
  0x0000027f570140c0 JavaThread "Signal Dispatcher"          daemon [_thread_blocked, id=6220, stack(0x0000009580a00000,0x0000009580b00000) (1024K)]
  0x0000027f57014730 JavaThread "Attach Listener"            daemon [_thread_blocked, id=11204, stack(0x0000009580b00000,0x0000009580c00000) (1024K)]
  0x0000027f57015ae0 JavaThread "Service Thread"             daemon [_thread_blocked, id=6652, stack(0x0000009580c00000,0x0000009580d00000) (1024K)]
  0x0000027f57016e90 JavaThread "Monitor Deflation Thread"   daemon [_thread_blocked, id=7632, stack(0x0000009580d00000,0x0000009580e00000) (1024K)]
=>0x0000027f52d32120 JavaThread "C2 CompilerThread0"         daemon [_thread_in_native, id=9244, stack(0x0000009580e00000,0x0000009580f00000) (1024K)]
  0x0000027f57042eb0 JavaThread "C1 CompilerThread0"         daemon [_thread_blocked, id=7616, stack(0x0000009580f00000,0x0000009581000000) (1024K)]
  0x0000027f571cb930 JavaThread "Notification Thread"        daemon [_thread_blocked, id=9192, stack(0x0000009581000000,0x0000009581100000) (1024K)]
  0x0000027f571d3f70 JavaThread "Common-Cleaner"             daemon [_thread_blocked, id=7972, stack(0x0000009581100000,0x0000009581200000) (1024K)]
  0x0000027f57a837a0 JavaThread "ReaderThread"                      [_thread_in_native, id=3892, stack(0x0000009581400000,0x0000009581500000) (1024K)]
  0x0000027f596168a0 JavaThread "Forwarding findElement on session 1e6928a054af2ddf20117d513a7504d8 to remote"        [_thread_blocked, id=6844, stack(0x0000009581800000,0x0000009581900000) (1024K)]
  0x0000027f58aea7e0 JavaThread "Forwarding findElement on session 7bbd161ae555defeb8226097c0b3bb03 to remote"        [_thread_blocked, id=10384, stack(0x0000009581900000,0x0000009581a00000) (1024K)]
  0x0000027f59a68850 JavaThread "TestNG-PoolService-3"              [_thread_blocked, id=1928, stack(0x0000009581a00000,0x0000009581b00000) (1024K)]
  0x0000027f59d38600 JavaThread "ForkJoinPool.commonPool-worker-1" daemon [_thread_blocked, id=2460, stack(0x0000009581b00000,0x0000009581c00000) (1024K)]
  0x0000027f5858e620 JavaThread "HttpClient-2-SelectorManager" daemon [_thread_in_native, id=2172, stack(0x0000009581c00000,0x0000009581d00000) (1024K)]
  0x0000027f5858d900 JavaThread "HttpClient-3-SelectorManager" daemon [_thread_in_native, id=572, stack(0x0000009581d00000,0x0000009581e00000) (1024K)]
  0x0000027f585906f0 JavaThread "HttpClient-1-SelectorManager" daemon [_thread_in_native, id=1208, stack(0x0000009581e00000,0x0000009581f00000) (1024K)]
  0x0000027f5858ecb0 JavaThread "External Process Output Forwarder - C:\Users\Admin\eclipse-workspace\PracticeWP\CucumberFramwork\src\test\resources\chromedriver.exe" daemon [_thread_in_native, id=932, stack(0x0000009581f00000,0x0000009582000000) (1024K)]
  0x0000027f5858df90 JavaThread "External Process Output Forwarder - C:\Users\Admin\eclipse-workspace\PracticeWP\CucumberFramwork\src\test\resources\chromedriver.exe" daemon [_thread_in_native, id=10976, stack(0x0000009582000000,0x0000009582100000) (1024K)]
  0x0000027f58590060 JavaThread "Driver Service Executor"    daemon [_thread_blocked, id=5920, stack(0x0000009582100000,0x0000009582200000) (1024K)]
  0x0000027f5858d270 JavaThread "Driver Service Executor"    daemon [_thread_blocked, id=2628, stack(0x0000009582200000,0x0000009582300000) (1024K)]
  0x0000027f5858f340 JavaThread "Driver Service Executor"    daemon [_thread_blocked, id=9420, stack(0x0000009582300000,0x0000009582400000) (1024K)]
  0x0000027f5858f9d0 JavaThread "Driver Service Executor"    daemon [_thread_blocked, id=3748, stack(0x0000009582400000,0x0000009582500000) (1024K)]
  0x0000027f59798a30 JavaThread "External Process Output Forwarder - C:\Users\Admin\eclipse-workspace\PracticeWP\CucumberFramwork\src\test\resources\chromedriver.exe" daemon [_thread_in_native, id=5708, stack(0x0000009582500000,0x0000009582600000) (1024K)]
  0x0000027f5979cbd0 JavaThread "Driver Service Executor"    daemon [_thread_blocked, id=10336, stack(0x0000009582600000,0x0000009582700000) (1024K)]
  0x0000027f5979eca0 JavaThread "Driver Service Executor"    daemon [_thread_blocked, id=6716, stack(0x0000009582700000,0x0000009582800000) (1024K)]
  0x0000027f597983a0 JavaThread "UrlChecker-2"               daemon [_thread_blocked, id=10052, stack(0x0000009582800000,0x0000009582900000) (1024K)]
  0x0000027f5979ab00 JavaThread "UrlChecker-3"               daemon [_thread_blocked, id=4416, stack(0x0000009582900000,0x0000009582a00000) (1024K)]
  0x0000027f5979b190 JavaThread "UrlChecker-4"               daemon [_thread_blocked, id=9512, stack(0x0000009582a00000,0x0000009582b00000) (1024K)]
  0x0000027f59799de0 JavaThread "JdkHttpClient-0-0"          daemon [_thread_blocked, id=3152, stack(0x0000009582c00000,0x0000009582d00000) (1024K)]
  0x0000027f59797d10 JavaThread "JdkHttpClient-1-0"          daemon [_thread_blocked, id=10328, stack(0x0000009582d00000,0x0000009582e00000) (1024K)]
  0x0000027f5979f330 JavaThread "JdkHttpClient-0-1"          daemon [_thread_blocked, id=5204, stack(0x0000009582e00000,0x0000009582f00000) (1024K)]
  0x0000027f5979e610 JavaThread "JdkHttpClient-1-1"          daemon [_thread_blocked, id=9476, stack(0x0000009582f00000,0x0000009583000000) (1024K)]
  0x0000027f597990c0 JavaThread "JdkHttpClient-0-2"          daemon [_thread_blocked, id=10596, stack(0x0000009583000000,0x0000009583100000) (1024K)]
  0x0000027f59799750 JavaThread "JdkHttpClient-1-2"          daemon [_thread_blocked, id=10068, stack(0x0000009583100000,0x0000009583200000) (1024K)]
  0x0000027f5979b820 JavaThread "JdkHttpClient-2-0"          daemon [_thread_blocked, id=10744, stack(0x0000009583200000,0x0000009583300000) (1024K)]
  0x0000027f5979a470 JavaThread "JdkHttpClient-2-1"          daemon [_thread_blocked, id=8832, stack(0x0000009583300000,0x0000009583400000) (1024K)]
  0x0000027f5979c540 JavaThread "JdkHttpClient-2-2"          daemon [_thread_blocked, id=10872, stack(0x0000009583400000,0x0000009583500000) (1024K)]
  0x0000027f5979d260 JavaThread "ForkJoinPool.commonPool-worker-2" daemon [_thread_blocked, id=10868, stack(0x0000009581700000,0x0000009581800000) (1024K)]
  0x0000027f5979d8f0 JavaThread "ForkJoinPool.commonPool-worker-3" daemon [_thread_blocked, id=8224, stack(0x0000009583500000,0x0000009583600000) (1024K)]
  0x0000027f5979df80 JavaThread "HttpClient-5-SelectorManager" daemon [_thread_in_native, id=6436, stack(0x0000009583600000,0x0000009583700000) (1024K)]
  0x0000027f586f65f0 JavaThread "JdkHttpClient-4-0"          daemon [_thread_blocked, id=7872, stack(0x0000009583700000,0x0000009583800000) (1024K)]
  0x0000027f586f58d0 JavaThread "HttpClient-4-SelectorManager" daemon [_thread_in_native, id=5268, stack(0x0000009583800000,0x0000009583900000) (1024K)]
  0x0000027f586f3e90 JavaThread "HttpClient-6-SelectorManager" daemon [_thread_in_native, id=7232, stack(0x0000009583900000,0x0000009583a00000) (1024K)]
  0x0000027f586f6c80 JavaThread "JdkHttpClient-3-0"          daemon [_thread_blocked, id=7288, stack(0x0000009583a00000,0x0000009583b00000) (1024K)]
  0x0000027f586f8d50 JavaThread "JdkHttpClient-5-0"          daemon [_thread_blocked, id=6772, stack(0x0000009583b00000,0x0000009583c00000) (1024K)]
  0x0000027f586f7310 JavaThread "JdkHttpClient-4-1"          daemon [_thread_blocked, id=3180, stack(0x0000009583c00000,0x0000009583d00000) (1024K)]
  0x0000027f586f1dc0 JavaThread "JdkHttpClient-4-2"          daemon [_thread_blocked, id=4488, stack(0x0000009583d00000,0x0000009583e00000) (1024K)]
  0x0000027f586f79a0 JavaThread "JdkHttpClient-3-1"          daemon [_thread_blocked, id=8528, stack(0x0000009583e00000,0x0000009583f00000) (1024K)]
  0x0000027f586f4bb0 JavaThread "JdkHttpClient-5-1"          daemon [_thread_blocked, id=6524, stack(0x0000009583f00000,0x0000009584000000) (1024K)]
  0x0000027f586f86c0 JavaThread "JdkHttpClient-5-2"          daemon [_thread_blocked, id=10560, stack(0x0000009584000000,0x0000009584100000) (1024K)]
  0x0000027f586f8030 JavaThread "JdkHttpClient-3-2"          daemon [_thread_blocked, id=9676, stack(0x0000009584100000,0x0000009584200000) (1024K)]
Total: 54

Other Threads:
  0x0000027f52ccc5c0 VMThread "VM Thread"                           [id=6956, stack(0x0000009580700000,0x0000009580800000) (1024K)]
  0x0000027f52c5a0c0 WatcherThread "VM Periodic Task Thread"        [id=10968, stack(0x0000009580600000,0x0000009580700000) (1024K)]
  0x0000027f3ca9adb0 WorkerThread "GC Thread#0"                     [id=608, stack(0x0000009580100000,0x0000009580200000) (1024K)]
  0x0000027f57a6cce0 WorkerThread "GC Thread#1"                     [id=9872, stack(0x0000009581200000,0x0000009581300000) (1024K)]
  0x0000027f57b92860 WorkerThread "GC Thread#2"                     [id=2160, stack(0x0000009581500000,0x0000009581600000) (1024K)]
  0x0000027f57b93020 WorkerThread "GC Thread#3"                     [id=8460, stack(0x0000009581600000,0x0000009581700000) (1024K)]
  0x0000027f3caa3470 ConcurrentGCThread "G1 Main Marker"            [id=11260, stack(0x0000009580200000,0x0000009580300000) (1024K)]
  0x0000027f3caa47e0 WorkerThread "G1 Conc#0"                       [id=10132, stack(0x0000009580300000,0x0000009580400000) (1024K)]
  0x0000027f3caf9a50 ConcurrentGCThread "G1 Refine#0"               [id=1720, stack(0x0000009580400000,0x0000009580500000) (1024K)]
  0x0000027f3cafa4e0 ConcurrentGCThread "G1 Service"                [id=5648, stack(0x0000009580500000,0x0000009580600000) (1024K)]
Total: 10

Threads with active compile tasks:
C2 CompilerThread0  42019 3685       4       java.net.URLStreamHandler::setURL (156 bytes)
Total: 1

VM state: not at safepoint (normal execution)

VM Mutex/Monitor currently owned by a thread: None

Heap address: 0x00000000c4200000, size: 958 MB, Compressed Oops mode: 32-bit

CDS archive(s) not mapped
Compressed class space mapped at: 0x0000000039000000-0x0000000079000000, reserved size: 1073741824
Narrow klass base: 0x0000000000000000, Narrow klass shift: 0, Narrow klass range: 0x79000000

GC Precious Log:
 CardTable entry size: 512
 Card Set container configuration: InlinePtr #cards 5 size 8 Array Of Cards #cards 12 size 40 Howl #buckets 4 coarsen threshold 1843 Howl Bitmap #cards 512 size 80 coarsen threshold 460 Card regions per heap region 1 cards per card region 2048
 CPUs: 4 total, 4 available
 Memory: 3828M
 Large Page Support: Disabled
 NUMA Support: Disabled
 Compressed Oops: Enabled (32-bit)
 Heap Region Size: 1M
 Heap Min Capacity: 8M
 Heap Initial Capacity: 60M
 Heap Max Capacity: 958M
 Pre-touch: Disabled
 Parallel Workers: 4
 Concurrent Workers: 1
 Concurrent Refinement Workers: 4
 Periodic GC: Disabled

Heap:
 garbage-first heap   total reserved 980992K, committed 34816K, used 18940K [0x00000000c4200000, 0x0000000100000000)
  region size 1024K, 4 young (4096K), 1 survivors (1024K)
 Metaspace       used 37629K, committed 38144K, reserved 1114112K
  class space    used 4450K, committed 4672K, reserved 1048576K

Heap Regions: E=young(eden), S=young(survivor), O=old, HS=humongous(starts), HC=humongous(continues), CS=collection set, F=free, TAMS=top-at-mark-start, PB=parsable bottom
|   0|0x00000000c4200000, 0x00000000c4300000, 0x00000000c4300000|100%| O|  |TAMS 0x00000000c4200000| PB 0x00000000c4200000| Untracked |  0
|   1|0x00000000c4300000, 0x00000000c4400000, 0x00000000c4400000|100%| O|  |TAMS 0x00000000c4300000| PB 0x00000000c4300000| Untracked |  0
|   2|0x00000000c4400000, 0x00000000c4500000, 0x00000000c4500000|100%| O|  |TAMS 0x00000000c4400000| PB 0x00000000c4400000| Untracked |  0
|   3|0x00000000c4500000, 0x00000000c4600000, 0x00000000c4600000|100%| O|  |TAMS 0x00000000c4500000| PB 0x00000000c4500000| Untracked |  0
|   4|0x00000000c4600000, 0x00000000c4700000, 0x00000000c4700000|100%| O|  |TAMS 0x00000000c4600000| PB 0x00000000c4600000| Untracked |  0
|   5|0x00000000c4700000, 0x00000000c4800000, 0x00000000c4800000|100%| O|  |TAMS 0x00000000c4700000| PB 0x00000000c4700000| Untracked |  0
|   6|0x00000000c4800000, 0x00000000c4900000, 0x00000000c4900000|100%| O|  |TAMS 0x00000000c4800000| PB 0x00000000c4800000| Untracked |  0
|   7|0x00000000c4900000, 0x00000000c4a00000, 0x00000000c4a00000|100%| O|  |TAMS 0x00000000c4900000| PB 0x00000000c4900000| Untracked |  0
|   8|0x00000000c4a00000, 0x00000000c4b00000, 0x00000000c4b00000|100%| O|  |TAMS 0x00000000c4a00000| PB 0x00000000c4a00000| Untracked |  0
|   9|0x00000000c4b00000, 0x00000000c4c00000, 0x00000000c4c00000|100%| O|  |TAMS 0x00000000c4b00000| PB 0x00000000c4b00000| Untracked |  0
|  10|0x00000000c4c00000, 0x00000000c4d00000, 0x00000000c4d00000|100%| O|  |TAMS 0x00000000c4c00000| PB 0x00000000c4c00000| Untracked |  0
|  11|0x00000000c4d00000, 0x00000000c4e00000, 0x00000000c4e00000|100%| O|Cm|TAMS 0x00000000c4d00000| PB 0x00000000c4d00000| Complete |  0
|  12|0x00000000c4e00000, 0x00000000c4f00000, 0x00000000c4f00000|100%| O|  |TAMS 0x00000000c4e00000| PB 0x00000000c4e00000| Untracked |  0
|  13|0x00000000c4f00000, 0x00000000c5000000, 0x00000000c5000000|100%| O|  |TAMS 0x00000000c4f00000| PB 0x00000000c4f00000| Untracked |  0
|  14|0x00000000c5000000, 0x00000000c5100000, 0x00000000c5100000|100%| O|  |TAMS 0x00000000c5000000| PB 0x00000000c5000000| Untracked |  0
|  15|0x00000000c5100000, 0x00000000c517f290, 0x00000000c5200000| 49%| O|  |TAMS 0x00000000c5100000| PB 0x00000000c5100000| Untracked |  0
|  16|0x00000000c5200000, 0x00000000c5200000, 0x00000000c5300000|  0%| F|  |TAMS 0x00000000c5200000| PB 0x00000000c5200000| Untracked |  0
|  17|0x00000000c5300000, 0x00000000c5300000, 0x00000000c5400000|  0%| F|  |TAMS 0x00000000c5300000| PB 0x00000000c5300000| Untracked |  0
|  18|0x00000000c5400000, 0x00000000c5400000, 0x00000000c5500000|  0%| F|  |TAMS 0x00000000c5400000| PB 0x00000000c5400000| Untracked |  0
|  19|0x00000000c5500000, 0x00000000c5500000, 0x00000000c5600000|  0%| F|  |TAMS 0x00000000c5500000| PB 0x00000000c5500000| Untracked |  0
|  20|0x00000000c5600000, 0x00000000c5600000, 0x00000000c5700000|  0%| F|  |TAMS 0x00000000c5600000| PB 0x00000000c5600000| Untracked |  0
|  21|0x00000000c5700000, 0x00000000c5800000, 0x00000000c5800000|100%| S|CS|TAMS 0x00000000c5700000| PB 0x00000000c5700000| Complete |  0
|  22|0x00000000c5800000, 0x00000000c5800000, 0x00000000c5900000|  0%| F|  |TAMS 0x00000000c5800000| PB 0x00000000c5800000| Untracked |  0
|  23|0x00000000c5900000, 0x00000000c5900000, 0x00000000c5a00000|  0%| F|  |TAMS 0x00000000c5900000| PB 0x00000000c5900000| Untracked |  0
|  24|0x00000000c5a00000, 0x00000000c5a00000, 0x00000000c5b00000|  0%| F|  |TAMS 0x00000000c5a00000| PB 0x00000000c5a00000| Untracked |  0
|  25|0x00000000c5b00000, 0x00000000c5b00000, 0x00000000c5c00000|  0%| F|  |TAMS 0x00000000c5b00000| PB 0x00000000c5b00000| Untracked |  0
|  26|0x00000000c5c00000, 0x00000000c5c00000, 0x00000000c5d00000|  0%| F|  |TAMS 0x00000000c5c00000| PB 0x00000000c5c00000| Untracked |  0
|  27|0x00000000c5d00000, 0x00000000c5d00000, 0x00000000c5e00000|  0%| F|  |TAMS 0x00000000c5d00000| PB 0x00000000c5d00000| Untracked |  0
|  28|0x00000000c5e00000, 0x00000000c5e00000, 0x00000000c5f00000|  0%| F|  |TAMS 0x00000000c5e00000| PB 0x00000000c5e00000| Untracked |  0
|  29|0x00000000c5f00000, 0x00000000c5f00000, 0x00000000c6000000|  0%| F|  |TAMS 0x00000000c5f00000| PB 0x00000000c5f00000| Untracked |  0
|  40|0x00000000c6a00000, 0x00000000c6a00000, 0x00000000c6b00000|  0%| F|  |TAMS 0x00000000c6a00000| PB 0x00000000c6a00000| Untracked |  0
|  41|0x00000000c6b00000, 0x00000000c6b3c068, 0x00000000c6c00000| 23%| E|  |TAMS 0x00000000c6b00000| PB 0x00000000c6b00000| Complete |  0
|  42|0x00000000c6c00000, 0x00000000c6d00000, 0x00000000c6d00000|100%| E|CS|TAMS 0x00000000c6c00000| PB 0x00000000c6c00000| Complete |  0
|  59|0x00000000c7d00000, 0x00000000c7e00000, 0x00000000c7e00000|100%| E|CS|TAMS 0x00000000c7d00000| PB 0x00000000c7d00000| Complete |  0

Card table byte_map: [0x0000027f4f730000,0x0000027f4f910000] _byte_map_base: 0x0000027f4f10f000

Marking Bits: (CMBitMap*) 0x0000027f3ca9b3d0
 Bits: [0x0000027f4f910000, 0x0000027f50808000)

Polling page: 0x0000027f3c220000

Metaspace:

Usage:
  Non-class:     32.40 MB used.
      Class:      4.35 MB used.
       Both:     36.75 MB used.

Virtual space:
  Non-class space:       64.00 MB reserved,      32.69 MB ( 51%) committed,  1 nodes.
      Class space:        1.00 GB reserved,       4.56 MB ( <1%) committed,  1 nodes.
             Both:        1.06 GB reserved,      37.25 MB (  3%) committed. 

Chunk freelists:
   Non-Class:  15.02 MB
       Class:  11.39 MB
        Both:  26.40 MB

MaxMetaspaceSize: unlimited
CompressedClassSpaceSize: 1.00 GB
Initial GC threshold: 21.00 MB
Current GC threshold: 59.00 MB
CDS: off
 - commit_granule_bytes: 65536.
 - commit_granule_words: 8192.
 - virtual_space_node_default_size: 8388608.
 - enlarge_chunks_in_place: 1.
 - use_allocation_guard: 0.


Internal statistics:

num_allocs_failed_limit: 6.
num_arena_births: 646.
num_arena_deaths: 22.
num_vsnodes_births: 2.
num_vsnodes_deaths: 0.
num_space_committed: 596.
num_space_uncommitted: 0.
num_chunks_returned_to_freelist: 35.
num_chunks_taken_from_freelist: 1584.
num_chunk_merges: 12.
num_chunk_splits: 979.
num_chunks_enlarged: 594.
num_inconsistent_stats: 0.

CodeHeap 'non-profiled nmethods': size=120000Kb used=1483Kb max_used=1483Kb free=118516Kb
 bounds [0x0000027f48020000, 0x0000027f48290000, 0x0000027f4f550000]
CodeHeap 'profiled nmethods': size=120000Kb used=6644Kb max_used=6644Kb free=113355Kb
 bounds [0x0000027f40550000, 0x0000027f40bd0000, 0x0000027f47a80000]
CodeHeap 'non-nmethods': size=5760Kb used=1586Kb max_used=1612Kb free=4173Kb
 bounds [0x0000027f47a80000, 0x0000027f47cf0000, 0x0000027f48020000]
 total_blobs=4174 nmethods=3531 adapters=548
 compilation: enabled
              stopped_count=0, restarted_count=0
 full_count=0

Compilation events (20 events):
Event: 40.816 Thread 0x0000027f57042eb0 nmethod 3686 0x0000027f40bbbe90 code [0x0000027f40bbc040, 0x0000027f40bbc408]
Event: 40.824 Thread 0x0000027f57042eb0 3687       1       com.aventstack.extentreports.model.Test::getStatus (5 bytes)
Event: 40.824 Thread 0x0000027f57042eb0 nmethod 3687 0x0000027f48191110 code [0x0000027f481912a0, 0x0000027f48191368]
Event: 40.824 Thread 0x0000027f57042eb0 3688       3       java.util.Locale::getUnicodeLocaleType (55 bytes)
Event: 40.826 Thread 0x0000027f57042eb0 nmethod 3688 0x0000027f40bbc510 code [0x0000027f40bbc7a0, 0x0000027f40bbd160]
Event: 40.826 Thread 0x0000027f57042eb0 3689       3       java.util.Locale::isUnicodeExtensionKey (21 bytes)
Event: 40.828 Thread 0x0000027f57042eb0 nmethod 3689 0x0000027f40bbd510 code [0x0000027f40bbd780, 0x0000027f40bbe288]
Event: 40.828 Thread 0x0000027f57042eb0 3691       3       sun.util.locale.LocaleUtils::isAlphaNumericString (33 bytes)
Event: 40.829 Thread 0x0000027f57042eb0 nmethod 3691 0x0000027f40bbe690 code [0x0000027f40bbe8e0, 0x0000027f40bbf328]
Event: 40.829 Thread 0x0000027f57042eb0 3690       3       java.util.ArrayList::elementAt (4 bytes)
Event: 40.829 Thread 0x0000027f57042eb0 nmethod 3690 0x0000027f40bbf710 code [0x0000027f40bbf8a0, 0x0000027f40bbf9b8]
Event: 40.829 Thread 0x0000027f57042eb0 3692       1       com.aventstack.extentreports.Status::getLevel (5 bytes)
Event: 40.829 Thread 0x0000027f57042eb0 nmethod 3692 0x0000027f48191410 code [0x0000027f481915a0, 0x0000027f48191668]
Event: 40.829 Thread 0x0000027f57042eb0 3693       1       com.aventstack.extentreports.model.Test::getChildren (5 bytes)
Event: 40.830 Thread 0x0000027f57042eb0 nmethod 3693 0x0000027f48191710 code [0x0000027f481918a0, 0x0000027f48191968]
Event: 40.830 Thread 0x0000027f57042eb0 3695       3       java.lang.invoke.LambdaForm$MH/0x0000000039129800::invoke (45 bytes)
Event: 40.831 Thread 0x0000027f57042eb0 nmethod 3695 0x0000027f48191a10 code [0x0000027f48191be0, 0x0000027f481921b8]
Event: 40.832 Thread 0x0000027f57042eb0 3696       3       jdk.internal.net.http.common.MinimalFuture::completedFuture (16 bytes)
Event: 40.834 Thread 0x0000027f57042eb0 nmethod 3696 0x0000027f40bbfa90 code [0x0000027f40bbfd20, 0x0000027f40bc0928]
Event: 40.839 Thread 0x0000027f57042eb0 3697       3       java.nio.channels.spi.AbstractSelectableChannel::isBlocking (13 bytes)

GC Heap History (18 events):
Event: 1.974 GC heap before
{Heap before GC invocations=0 (full 0):
 garbage-first heap   total reserved 980992K, committed 61440K, used 13312K [0x00000000c4200000, 0x0000000100000000)
  region size 1024K, 14 young (14336K), 0 survivors (0K)
 Metaspace       used 12518K, committed 12736K, reserved 1114112K
  class space    used 1188K, committed 1280K, reserved 1048576K
}
Event: 1.983 GC heap after
{Heap after GC invocations=1 (full 0):
 garbage-first heap   total reserved 980992K, committed 61440K, used 6889K [0x00000000c4200000, 0x0000000100000000)
  region size 1024K, 2 young (2048K), 2 survivors (2048K)
 Metaspace       used 12518K, committed 12736K, reserved 1114112K
  class space    used 1188K, committed 1280K, reserved 1048576K
}
Event: 2.835 GC heap before
{Heap before GC invocations=1 (full 0):
 garbage-first heap   total reserved 980992K, committed 61440K, used 18153K [0x00000000c4200000, 0x0000000100000000)
  region size 1024K, 14 young (14336K), 2 survivors (2048K)
 Metaspace       used 16865K, committed 17216K, reserved 1114112K
  class space    used 1742K, committed 1920K, reserved 1048576K
}
Event: 2.841 GC heap after
{Heap after GC invocations=2 (full 0):
 garbage-first heap   total reserved 980992K, committed 61440K, used 7909K [0x00000000c4200000, 0x0000000100000000)
  region size 1024K, 1 young (1024K), 1 survivors (1024K)
 Metaspace       used 16865K, committed 17216K, reserved 1114112K
  class space    used 1742K, committed 1920K, reserved 1048576K
}
Event: 3.425 GC heap before
{Heap before GC invocations=2 (full 0):
 garbage-first heap   total reserved 980992K, committed 61440K, used 22245K [0x00000000c4200000, 0x0000000100000000)
  region size 1024K, 17 young (17408K), 1 survivors (1024K)
 Metaspace       used 21223K, committed 21504K, reserved 1114112K
  class space    used 2209K, committed 2368K, reserved 1048576K
}
Event: 3.430 GC heap after
{Heap after GC invocations=3 (full 0):
 garbage-first heap   total reserved 980992K, committed 61440K, used 9152K [0x00000000c4200000, 0x0000000100000000)
  region size 1024K, 3 young (3072K), 3 survivors (3072K)
 Metaspace       used 21223K, committed 21504K, reserved 1114112K
  class space    used 2209K, committed 2368K, reserved 1048576K
}
Event: 4.581 GC heap before
{Heap before GC invocations=4 (full 0):
 garbage-first heap   total reserved 980992K, committed 34816K, used 25536K [0x00000000c4200000, 0x0000000100000000)
  region size 1024K, 20 young (20480K), 3 survivors (3072K)
 Metaspace       used 25807K, committed 26176K, reserved 1114112K
  class space    used 2790K, committed 2944K, reserved 1048576K
}
Event: 4.590 GC heap after
{Heap after GC invocations=5 (full 0):
 garbage-first heap   total reserved 980992K, committed 34816K, used 10822K [0x00000000c4200000, 0x0000000100000000)
  region size 1024K, 3 young (3072K), 3 survivors (3072K)
 Metaspace       used 25807K, committed 26176K, reserved 1114112K
  class space    used 2790K, committed 2944K, reserved 1048576K
}
Event: 5.628 GC heap before
{Heap before GC invocations=5 (full 0):
 garbage-first heap   total reserved 980992K, committed 34816K, used 23110K [0x00000000c4200000, 0x0000000100000000)
  region size 1024K, 16 young (16384K), 3 survivors (3072K)
 Metaspace       used 28763K, committed 29184K, reserved 1114112K
  class space    used 3214K, committed 3392K, reserved 1048576K
}
Event: 5.640 GC heap after
{Heap after GC invocations=6 (full 0):
 garbage-first heap   total reserved 980992K, committed 34816K, used 12371K [0x00000000c4200000, 0x0000000100000000)
  region size 1024K, 2 young (2048K), 2 survivors (2048K)
 Metaspace       used 28763K, committed 29184K, reserved 1114112K
  class space    used 3214K, committed 3392K, reserved 1048576K
}
Event: 6.280 GC heap before
{Heap before GC invocations=6 (full 0):
 garbage-first heap   total reserved 980992K, committed 34816K, used 23635K [0x00000000c4200000, 0x0000000100000000)
  region size 1024K, 14 young (14336K), 2 survivors (2048K)
 Metaspace       used 32068K, committed 32512K, reserved 1114112K
  class space    used 3624K, committed 3840K, reserved 1048576K
}
Event: 6.287 GC heap after
{Heap after GC invocations=7 (full 0):
 garbage-first heap   total reserved 980992K, committed 34816K, used 15360K [0x00000000c4200000, 0x0000000100000000)
  region size 1024K, 2 young (2048K), 2 survivors (2048K)
 Metaspace       used 32068K, committed 32512K, reserved 1114112K
  class space    used 3624K, committed 3840K, reserved 1048576K
}
Event: 7.192 GC heap before
{Heap before GC invocations=7 (full 0):
 garbage-first heap   total reserved 980992K, committed 34816K, used 26624K [0x00000000c4200000, 0x0000000100000000)
  region size 1024K, 13 young (13312K), 2 survivors (2048K)
 Metaspace       used 35535K, committed 36096K, reserved 1114112K
  class space    used 4135K, committed 4352K, reserved 1048576K
}
Event: 7.200 GC heap after
{Heap after GC invocations=8 (full 0):
 garbage-first heap   total reserved 980992K, committed 34816K, used 15993K [0x00000000c4200000, 0x0000000100000000)
  region size 1024K, 2 young (2048K), 2 survivors (2048K)
 Metaspace       used 35535K, committed 36096K, reserved 1114112K
  class space    used 4135K, committed 4352K, reserved 1048576K
}
Event: 7.213 GC heap before
{Heap before GC invocations=8 (full 0):
 garbage-first heap   total reserved 980992K, committed 34816K, used 15993K [0x00000000c4200000, 0x0000000100000000)
  region size 1024K, 3 young (3072K), 2 survivors (2048K)
 Metaspace       used 35599K, committed 36096K, reserved 1114112K
  class space    used 4143K, committed 4352K, reserved 1048576K
}
Event: 7.217 GC heap after
{Heap after GC invocations=9 (full 0):
 garbage-first heap   total reserved 980992K, committed 34816K, used 16046K [0x00000000c4200000, 0x0000000100000000)
  region size 1024K, 1 young (1024K), 1 survivors (1024K)
 Metaspace       used 35599K, committed 36096K, reserved 1114112K
  class space    used 4143K, committed 4352K, reserved 1048576K
}
Event: 38.361 GC heap before
{Heap before GC invocations=10 (full 0):
 garbage-first heap   total reserved 980992K, committed 34816K, used 26286K [0x00000000c4200000, 0x0000000100000000)
  region size 1024K, 12 young (12288K), 1 survivors (1024K)
 Metaspace       used 37475K, committed 37952K, reserved 1114112K
  class space    used 4448K, committed 4672K, reserved 1048576K
}
Event: 38.365 GC heap after
{Heap after GC invocations=11 (full 0):
 garbage-first heap   total reserved 980992K, committed 34816K, used 16892K [0x00000000c4200000, 0x0000000100000000)
  region size 1024K, 1 young (1024K), 1 survivors (1024K)
 Metaspace       used 37475K, committed 37952K, reserved 1114112K
  class space    used 4448K, committed 4672K, reserved 1048576K
}

Dll operation events (9 events):
Event: 0.018 Loaded shared library C:\Users\Admin\.p2\pool\plugins\org.eclipse.justj.openjdk.hotspot.jre.full.win32.x86_64_22.0.2.v20240802-1626\jre\bin\java.dll
Event: 0.028 Loaded shared library C:\Users\Admin\.p2\pool\plugins\org.eclipse.justj.openjdk.hotspot.jre.full.win32.x86_64_22.0.2.v20240802-1626\jre\bin\zip.dll
Event: 0.443 Loaded shared library C:\Users\Admin\.p2\pool\plugins\org.eclipse.justj.openjdk.hotspot.jre.full.win32.x86_64_22.0.2.v20240802-1626\jre\bin\net.dll
Event: 0.447 Loaded shared library C:\Users\Admin\.p2\pool\plugins\org.eclipse.justj.openjdk.hotspot.jre.full.win32.x86_64_22.0.2.v20240802-1626\jre\bin\nio.dll
Event: 0.475 Loaded shared library C:\Users\Admin\.p2\pool\plugins\org.eclipse.justj.openjdk.hotspot.jre.full.win32.x86_64_22.0.2.v20240802-1626\jre\bin\zip.dll
Event: 1.048 Loaded shared library C:\Users\Admin\.p2\pool\plugins\org.eclipse.justj.openjdk.hotspot.jre.full.win32.x86_64_22.0.2.v20240802-1626\jre\bin\jimage.dll
Event: 1.215 Loaded shared library C:\Users\Admin\.p2\pool\plugins\org.eclipse.justj.openjdk.hotspot.jre.full.win32.x86_64_22.0.2.v20240802-1626\jre\bin\verify.dll
Event: 1.596 Loaded shared library C:\Users\Admin\.p2\pool\plugins\org.eclipse.justj.openjdk.hotspot.jre.full.win32.x86_64_22.0.2.v20240802-1626\jre\bin\extnet.dll
Event: 6.392 Loaded shared library C:\Users\Admin\.p2\pool\plugins\org.eclipse.justj.openjdk.hotspot.jre.full.win32.x86_64_22.0.2.v20240802-1626\jre\bin\sunmscapi.dll

Deoptimization events (20 events):
Event: 6.407 Thread 0x0000027f596168a0 DEOPT PACKING pc=0x0000027f4813cbd4 sp=0x00000095818fa910
Event: 6.407 Thread 0x0000027f596168a0 DEOPT UNPACKING pc=0x0000027f47ad469c sp=0x00000095818fa838 mode 2
Event: 6.471 Thread 0x0000027f585906f0 Uncommon trap: trap_request=0xffffffde fr.pc=0x0000027f48087224 relative=0x0000000000000084
Event: 6.471 Thread 0x0000027f5858d900 Uncommon trap: trap_request=0xffffffde fr.pc=0x0000027f48087224 relative=0x0000000000000084
Event: 6.471 Thread 0x0000027f5858e620 Uncommon trap: trap_request=0xffffffde fr.pc=0x0000027f48087224 relative=0x0000000000000084
Event: 6.471 Thread 0x0000027f585906f0 Uncommon trap: reason=class_check action=maybe_recompile pc=0x0000027f48087224 method=jdk.internal.misc.Blocker.begin()J @ 11 c2
Event: 6.471 Thread 0x0000027f5858d900 Uncommon trap: reason=class_check action=maybe_recompile pc=0x0000027f48087224 method=jdk.internal.misc.Blocker.begin()J @ 11 c2
Event: 6.471 Thread 0x0000027f5858e620 Uncommon trap: reason=class_check action=maybe_recompile pc=0x0000027f48087224 method=jdk.internal.misc.Blocker.begin()J @ 11 c2
Event: 6.471 Thread 0x0000027f585906f0 DEOPT PACKING pc=0x0000027f48087224 sp=0x0000009581eff460
Event: 6.471 Thread 0x0000027f5858d900 DEOPT PACKING pc=0x0000027f48087224 sp=0x0000009581dff0d0
Event: 6.471 Thread 0x0000027f5858e620 DEOPT PACKING pc=0x0000027f48087224 sp=0x0000009581cff560
Event: 6.471 Thread 0x0000027f5858d900 DEOPT UNPACKING pc=0x0000027f47ad469c sp=0x0000009581dff028 mode 2
Event: 6.471 Thread 0x0000027f585906f0 DEOPT UNPACKING pc=0x0000027f47ad469c sp=0x0000009581eff3b8 mode 2
Event: 6.471 Thread 0x0000027f5858e620 DEOPT UNPACKING pc=0x0000027f47ad469c sp=0x0000009581cff4b8 mode 2
Event: 7.141 Thread 0x0000027f5858d900 Uncommon trap: trap_request=0xffffffde fr.pc=0x0000027f48087224 relative=0x0000000000000084
Event: 7.141 Thread 0x0000027f5858d900 Uncommon trap: reason=class_check action=maybe_recompile pc=0x0000027f48087224 method=jdk.internal.misc.Blocker.begin()J @ 11 c2
Event: 7.141 Thread 0x0000027f5858d900 DEOPT PACKING pc=0x0000027f48087224 sp=0x0000009581dff0d0
Event: 7.141 Thread 0x0000027f5858d900 DEOPT UNPACKING pc=0x0000027f47ad469c sp=0x0000009581dff028 mode 2
Event: 13.073 Thread 0x0000027f596168a0 DEOPT PACKING pc=0x0000027f4093b67a sp=0x00000095818fc7a0
Event: 13.073 Thread 0x0000027f596168a0 DEOPT UNPACKING pc=0x0000027f47ad4e23 sp=0x00000095818fbc28 mode 0

Classes loaded (20 events):
Event: 13.137 Loading class sun/util/logging/resources/logging
Event: 13.138 Loading class sun/util/logging/resources/logging done
Event: 13.138 Loading class sun/util/logging/resources/logging_en
Event: 13.138 Loading class sun/util/logging/resources/logging_en done
Event: 13.138 Loading class sun/util/logging/resources/logging_en
Event: 13.138 Loading class sun/util/logging/resources/logging_en done
Event: 13.138 Loading class sun/util/logging/resources/logging_en_US
Event: 13.138 Loading class sun/util/logging/resources/logging_en_US done
Event: 13.138 Loading class sun/util/logging/resources/logging_en_US
Event: 13.138 Loading class sun/util/logging/resources/logging_en_US done
Event: 13.139 Loading class java/util/Formatter$DateTime
Event: 13.139 Loading class java/util/Formatter$DateTime done
Event: 13.139 Loading class java/time/ZonedDateTime$1
Event: 13.139 Loading class java/time/ZonedDateTime$1 done
Event: 36.494 Loading class java/net/URLEncoder
Event: 36.494 Loading class java/net/URLEncoder done
Event: 36.494 Loading class jdk/internal/util/ImmutableBitSetPredicate
Event: 36.494 Loading class jdk/internal/util/ImmutableBitSetPredicate done
Event: 36.494 Loading class jdk/internal/util/ImmutableBitSetPredicate$SmallImmutableBitSetPredicate
Event: 36.495 Loading class jdk/internal/util/ImmutableBitSetPredicate$SmallImmutableBitSetPredicate done

Classes unloaded (11 events):
Event: 7.259 Thread 0x0000027f52ccc5c0 Unloading class 0x00000000393a8000 'java/lang/invoke/LambdaForm$MH+0x00000000393a8000'
Event: 7.259 Thread 0x0000027f52ccc5c0 Unloading class 0x00000000393a7800 'java/lang/invoke/LambdaForm$MH+0x00000000393a7800'
Event: 7.259 Thread 0x0000027f52ccc5c0 Unloading class 0x00000000393a7400 'java/lang/invoke/LambdaForm$MH+0x00000000393a7400'
Event: 7.259 Thread 0x0000027f52ccc5c0 Unloading class 0x00000000393a6800 'java/lang/invoke/LambdaForm$MH+0x00000000393a6800'
Event: 7.259 Thread 0x0000027f52ccc5c0 Unloading class 0x00000000393a6c00 'java/lang/invoke/LambdaForm$MH+0x00000000393a6c00'
Event: 7.259 Thread 0x0000027f52ccc5c0 Unloading class 0x0000000039335c00 'java/lang/invoke/LambdaForm$MH+0x0000000039335c00'
Event: 7.259 Thread 0x0000027f52ccc5c0 Unloading class 0x0000000039335800 'java/lang/invoke/LambdaForm$MH+0x0000000039335800'
Event: 7.259 Thread 0x0000027f52ccc5c0 Unloading class 0x0000000039335000 'java/lang/invoke/LambdaForm$MH+0x0000000039335000'
Event: 7.259 Thread 0x0000027f52ccc5c0 Unloading class 0x0000000039334400 'java/lang/invoke/LambdaForm$MH+0x0000000039334400'
Event: 7.259 Thread 0x0000027f52ccc5c0 Unloading class 0x0000000039320c00 'java/lang/invoke/LambdaForm$DMH+0x0000000039320c00'
Event: 7.259 Thread 0x0000027f52ccc5c0 Unloading class 0x0000000039320400 'java/lang/invoke/LambdaForm$DMH+0x0000000039320400'

Classes redefined (0 events):
No events

Internal exceptions (20 events):
Event: 6.716 Thread 0x0000027f5979ab00 Exception <a 'java/net/ConnectException'{0x00000000c5e8a5d8}: Connection refused: getsockopt> (0x00000000c5e8a5d8) 
thrown [s\src\hotspot\share\prims\jni.cpp, line 539]
Event: 6.744 Thread 0x0000027f597983a0 Exception <a 'java/net/ConnectException'{0x00000000c5e93c40}: Connection refused: getsockopt> (0x00000000c5e93c40) 
thrown [s\src\hotspot\share\prims\jni.cpp, line 539]
Event: 6.746 Thread 0x0000027f5979b190 Exception <a 'java/net/ConnectException'{0x00000000c5e9d0e8}: Connection refused: getsockopt> (0x00000000c5e9d0e8) 
thrown [s\src\hotspot\share\prims\jni.cpp, line 539]
Event: 6.781 Thread 0x0000027f5979ab00 Exception <a 'java/net/ConnectException'{0x00000000c5e8b4f8}: Connection refused: getsockopt> (0x00000000c5e8b4f8) 
thrown [s\src\hotspot\share\prims\jni.cpp, line 539]
Event: 6.822 Thread 0x0000027f597983a0 Exception <a 'java/net/ConnectException'{0x00000000c5e94b60}: Connection refused: getsockopt> (0x00000000c5e94b60) 
thrown [s\src\hotspot\share\prims\jni.cpp, line 539]
Event: 6.824 Thread 0x0000027f5979b190 Exception <a 'java/net/ConnectException'{0x00000000c5e9e008}: Connection refused: getsockopt> (0x00000000c5e9e008) 
thrown [s\src\hotspot\share\prims\jni.cpp, line 539]
Event: 6.886 Thread 0x0000027f5979ab00 Exception <a 'java/net/ConnectException'{0x00000000c5e8c418}: Connection refused: getsockopt> (0x00000000c5e8c418) 
thrown [s\src\hotspot\share\prims\jni.cpp, line 539]
Event: 6.960 Thread 0x0000027f58aea7e0 Exception <a 'java/lang/NoSuchMethodError'{0x00000000c5d11a48}: 'double java.lang.invoke.DirectMethodHandle$Holder.invokeVirtual(java.lang.Object, java.lang.Object)'> (0x00000000c5d11a48) 
thrown [s\src\hotspot\share\interpreter\linkResolver.cpp, line 774]
Event: 6.961 Thread 0x0000027f58aea7e0 Exception <a 'java/lang/NoSuchMethodError'{0x00000000c5d17d90}: 'float java.lang.invoke.DirectMethodHandle$Holder.invokeVirtual(java.lang.Object, java.lang.Object)'> (0x00000000c5d17d90) 
thrown [s\src\hotspot\share\interpreter\linkResolver.cpp, line 774]
Event: 6.963 Thread 0x0000027f58aea7e0 Exception <a 'java/lang/NoSuchMethodError'{0x00000000c5d201b0}: 'long java.lang.invoke.DirectMethodHandle$Holder.invokeVirtual(java.lang.Object, java.lang.Object)'> (0x00000000c5d201b0) 
thrown [s\src\hotspot\share\interpreter\linkResolver.cpp, line 774]
Event: 7.021 Thread 0x0000027f58aea7e0 Exception <a 'java/lang/NoSuchMethodError'{0x00000000c5c33820}: 'java.lang.Object java.lang.invoke.DirectMethodHandle$Holder.newInvokeSpecial(java.lang.Object, java.lang.Object, int, int)'> (0x00000000c5c33820) 
thrown [s\src\hotspot\share\interpreter\linkResolver.cpp, line 774]
Event: 7.022 Thread 0x0000027f59a68850 Exception <a 'java/lang/NoSuchMethodError'{0x00000000c5c46310}: 'java.lang.Object java.lang.invoke.DirectMethodHandle$Holder.newInvokeSpecial(java.lang.Object, java.lang.Object, int, int)'> (0x00000000c5c46310) 
thrown [s\src\hotspot\share\interpreter\linkResolver.cpp, line 774]
Event: 7.024 Thread 0x0000027f59a68850 Exception <a 'java/lang/NoSuchMethodError'{0x00000000c5c506c8}: 'void java.lang.invoke.DirectMethodHandle$Holder.invokeStatic(java.lang.Object, java.lang.Object, int)'> (0x00000000c5c506c8) 
thrown [s\src\hotspot\share\interpreter\linkResolver.cpp, line 774]
Event: 7.083 Thread 0x0000027f5979ab00 Exception <a 'java/net/ConnectException'{0x00000000c5e8d3e8}: Connection refused: getsockopt> (0x00000000c5e8d3e8) 
thrown [s\src\hotspot\share\prims\jni.cpp, line 539]
Event: 7.103 Thread 0x0000027f59a68850 Exception <a 'java/lang/NoSuchMethodError'{0x00000000c5bb1358}: 'void java.lang.invoke.DirectMethodHandle$Holder.invokeStatic(java.lang.Object, java.lang.Object, java.lang.Object, java.lang.Object, java.lang.Object, java.lang.Object, java.lang.Object)'> (0x00000000c5bb1358) 
thrown [s\src\hotspot\share\interpreter\linkResolver.cpp, line 774]
Event: 7.103 Thread 0x0000027f58aea7e0 Exception <a 'java/lang/NoSuchMethodError'{0x00000000c5bca680}: 'void java.lang.invoke.DirectMethodHandle$Holder.invokeStatic(java.lang.Object, java.lang.Object, java.lang.Object, java.lang.Object, java.lang.Object, java.lang.Object, java.lang.Object)'> (0x00000000c5bca680) 
thrown [s\src\hotspot\share\interpreter\linkResolver.cpp, line 774]
Event: 12.801 Thread 0x0000027f597990c0 Exception <a 'java/lang/NoSuchMethodError'{0x00000000c6a8afb8}: 'java.lang.Object java.lang.invoke.DirectMethodHandle$Holder.newInvokeSpecial(java.lang.Object, java.lang.Object, long, java.lang.Object, java.lang.Object, java.lang.Object)'> (0x00000000c6a8afb8) 
thrown [s\src\hotspot\share\interpreter\linkResolver.cpp, line 774]
Event: 12.854 Thread 0x0000027f59a68850 Exception <a 'java/lang/NoSuchMethodError'{0x00000000c5f41ec8}: 'java.lang.Object java.lang.invoke.DirectMethodHandle$Holder.invokeSpecialIFC(java.lang.Object, java.lang.Object, java.lang.Object)'> (0x00000000c5f41ec8) 
thrown [s\src\hotspot\share\interpreter\linkResolver.cpp, line 774]
Event: 12.854 Thread 0x0000027f596168a0 Exception <a 'java/lang/NoSuchMethodError'{0x00000000c5f37ff0}: 'java.lang.Object java.lang.invoke.DirectMethodHandle$Holder.invokeSpecialIFC(java.lang.Object, java.lang.Object, java.lang.Object)'> (0x00000000c5f37ff0) 
thrown [s\src\hotspot\share\interpreter\linkResolver.cpp, line 774]
Event: 13.137 Thread 0x0000027f59a68850 Exception <a 'java/lang/ClassNotFoundException'{0x00000000c5ae0948}: sun/util/logging/resources/spi/loggingProvider> (0x00000000c5ae0948) 
thrown [s\src\hotspot\share\classfile\systemDictionary.cpp, line 313]

ZGC Phase Switch (0 events):
No events

VM Operations (20 events):
Event: 12.786 Executing VM operation: HandshakeAllThreads (Deoptimize)
Event: 12.786 Executing VM operation: HandshakeAllThreads (Deoptimize) done
Event: 12.786 Executing VM operation: Cleanup
Event: 12.786 Executing VM operation: Cleanup done
Event: 13.005 Executing VM operation: HandshakeAllThreads (Deoptimize)
Event: 13.021 Executing VM operation: HandshakeAllThreads (Deoptimize) done
Event: 14.024 Executing VM operation: Cleanup
Event: 14.024 Executing VM operation: Cleanup done
Event: 36.236 Executing VM operation: Cleanup
Event: 36.251 Executing VM operation: Cleanup done
Event: 37.251 Executing VM operation: Cleanup
Event: 37.252 Executing VM operation: Cleanup done
Event: 38.267 Executing VM operation: Cleanup
Event: 38.267 Executing VM operation: Cleanup done
Event: 38.361 Executing VM operation: G1CollectForAllocation (G1 Evacuation Pause)
Event: 38.365 Executing VM operation: G1CollectForAllocation (G1 Evacuation Pause) done
Event: 39.377 Executing VM operation: Cleanup
Event: 39.377 Executing VM operation: Cleanup done
Event: 40.384 Executing VM operation: Cleanup
Event: 40.384 Executing VM operation: Cleanup done

Memory protections (0 events):
No events

Nmethod flushes (20 events):
Event: 7.265 Thread 0x0000027f52ccc5c0 flushing  nmethod 0x0000027f40574010
Event: 7.265 Thread 0x0000027f52ccc5c0 flushing  nmethod 0x0000027f40587c10
Event: 7.265 Thread 0x0000027f52ccc5c0 flushing  nmethod 0x0000027f40589f10
Event: 7.265 Thread 0x0000027f52ccc5c0 flushing  nmethod 0x0000027f4058a790
Event: 7.265 Thread 0x0000027f52ccc5c0 flushing  nmethod 0x0000027f4058b510
Event: 7.265 Thread 0x0000027f52ccc5c0 flushing  nmethod 0x0000027f4058d810
Event: 7.265 Thread 0x0000027f52ccc5c0 flushing  nmethod 0x0000027f405d3290
Event: 7.265 Thread 0x0000027f52ccc5c0 flushing  nmethod 0x0000027f405d3e10
Event: 7.265 Thread 0x0000027f52ccc5c0 flushing  nmethod 0x0000027f405d4310
Event: 7.265 Thread 0x0000027f52ccc5c0 flushing  nmethod 0x0000027f405d4c90
Event: 7.265 Thread 0x0000027f52ccc5c0 flushing  nmethod 0x0000027f405d5e10
Event: 7.265 Thread 0x0000027f52ccc5c0 flushing  nmethod 0x0000027f405d6e10
Event: 7.265 Thread 0x0000027f52ccc5c0 flushing  nmethod 0x0000027f405dfd10
Event: 7.265 Thread 0x0000027f52ccc5c0 flushing  nmethod 0x0000027f405e1d10
Event: 7.265 Thread 0x0000027f52ccc5c0 flushing  nmethod 0x0000027f4062b010
Event: 7.265 Thread 0x0000027f52ccc5c0 flushing  nmethod 0x0000027f4062b390
Event: 7.265 Thread 0x0000027f52ccc5c0 flushing  nmethod 0x0000027f406a0c90
Event: 7.265 Thread 0x0000027f52ccc5c0 flushing  nmethod 0x0000027f40781d90
Event: 7.265 Thread 0x0000027f52ccc5c0 flushing  nmethod 0x0000027f407c1090
Event: 7.265 Thread 0x0000027f52ccc5c0 flushing  nmethod 0x0000027f407ed710

Events (20 events):
Event: 7.297 Thread 0x0000027f585906f0 Thread added: 0x0000027f59799750
Event: 7.421 Thread 0x0000027f596168a0 Thread added: 0x0000027f5979b820
Event: 7.424 Thread 0x0000027f5858e620 Thread added: 0x0000027f5979a470
Event: 7.426 Thread 0x0000027f5858e620 Thread added: 0x0000027f5979c540
Event: 10.305 Thread 0x0000027f584826f0 Thread exited: 0x0000027f584826f0
Event: 12.833 Thread 0x0000027f597990c0 Thread added: 0x0000027f5979d260
Event: 12.954 Thread 0x0000027f596168a0 Thread added: 0x0000027f5979d8f0
Event: 12.962 Thread 0x0000027f59a68850 Thread added: 0x0000027f5979df80
Event: 12.964 Thread 0x0000027f59a68850 Thread added: 0x0000027f586f65f0
Event: 12.966 Thread 0x0000027f58aea7e0 Thread added: 0x0000027f586f58d0
Event: 12.966 Thread 0x0000027f596168a0 Thread added: 0x0000027f586f3e90
Event: 12.967 Thread 0x0000027f58aea7e0 Thread added: 0x0000027f586f6c80
Event: 12.967 Thread 0x0000027f596168a0 Thread added: 0x0000027f586f8d50
Event: 12.971 Thread 0x0000027f5979df80 Thread added: 0x0000027f586f7310
Event: 12.972 Thread 0x0000027f5979df80 Thread added: 0x0000027f586f1dc0
Event: 12.979 Thread 0x0000027f586f58d0 Thread added: 0x0000027f586f79a0
Event: 12.985 Thread 0x0000027f586f3e90 Thread added: 0x0000027f586f4bb0
Event: 12.986 Thread 0x0000027f586f3e90 Thread added: 0x0000027f586f86c0
Event: 12.996 Thread 0x0000027f586f58d0 Thread added: 0x0000027f586f8030
Event: 16.946 Thread 0x0000027f5979beb0 Thread exited: 0x0000027f5979beb0


Dynamic libraries:
0x00007ff716060000 - 0x00007ff71606e000 	C:\Users\Admin\.p2\pool\plugins\org.eclipse.justj.openjdk.hotspot.jre.full.win32.x86_64_22.0.2.v20240802-1626\jre\bin\javaw.exe
0x00007ff8b7d50000 - 0x00007ff8b7f48000 	C:\WINDOWS\SYSTEM32\ntdll.dll
0x00007ff8b7070000 - 0x00007ff8b7132000 	C:\WINDOWS\System32\KERNEL32.DLL
0x00007ff8b59f0000 - 0x00007ff8b5cee000 	C:\WINDOWS\System32\KERNELBASE.dll
0x00007ff8b53f0000 - 0x00007ff8b54f0000 	C:\WINDOWS\System32\ucrtbase.dll
0x00007ff8aee80000 - 0x00007ff8aee97000 	C:\Users\Admin\.p2\pool\plugins\org.eclipse.justj.openjdk.hotspot.jre.full.win32.x86_64_22.0.2.v20240802-1626\jre\bin\jli.dll
0x00007ff8aee20000 - 0x00007ff8aee3b000 	C:\Users\Admin\.p2\pool\plugins\org.eclipse.justj.openjdk.hotspot.jre.full.win32.x86_64_22.0.2.v20240802-1626\jre\bin\VCRUNTIME140.dll
0x00007ff8b6cc0000 - 0x00007ff8b6e5d000 	C:\WINDOWS\System32\USER32.dll
0x00007ff8b5cf0000 - 0x00007ff8b5d12000 	C:\WINDOWS\System32\win32u.dll
0x00007ff8ab920000 - 0x00007ff8abbba000 	C:\WINDOWS\WinSxS\amd64_microsoft.windows.common-controls_6595b64144ccf1df_6.0.19041.4355_none_60b8b9eb71f62e16\COMCTL32.dll
0x00007ff8b5fc0000 - 0x00007ff8b5feb000 	C:\WINDOWS\System32\GDI32.dll
0x00007ff8b5f20000 - 0x00007ff8b5fbe000 	C:\WINDOWS\System32\msvcrt.dll
0x00007ff8b54f0000 - 0x00007ff8b5607000 	C:\WINDOWS\System32\gdi32full.dll
0x00007ff8b5640000 - 0x00007ff8b56dd000 	C:\WINDOWS\System32\msvcp_win.dll
0x00007ff8b6520000 - 0x00007ff8b654f000 	C:\WINDOWS\System32\IMM32.DLL
0x00007ff8b03d0000 - 0x00007ff8b03dc000 	C:\Users\Admin\.p2\pool\plugins\org.eclipse.justj.openjdk.hotspot.jre.full.win32.x86_64_22.0.2.v20240802-1626\jre\bin\vcruntime140_1.dll
0x00007ff8ab150000 - 0x00007ff8ab1de000 	C:\Users\Admin\.p2\pool\plugins\org.eclipse.justj.openjdk.hotspot.jre.full.win32.x86_64_22.0.2.v20240802-1626\jre\bin\msvcp140.dll
0x00007ff881680000 - 0x00007ff882443000 	C:\Users\Admin\.p2\pool\plugins\org.eclipse.justj.openjdk.hotspot.jre.full.win32.x86_64_22.0.2.v20240802-1626\jre\bin\server\jvm.dll
0x00007ff8b5e40000 - 0x00007ff8b5ef2000 	C:\WINDOWS\System32\ADVAPI32.dll
0x00007ff8b7140000 - 0x00007ff8b71e0000 	C:\WINDOWS\System32\sechost.dll
0x00007ff8b5ff0000 - 0x00007ff8b6113000 	C:\WINDOWS\System32\RPCRT4.dll
0x00007ff8b5610000 - 0x00007ff8b5637000 	C:\WINDOWS\System32\bcrypt.dll
0x00007ff8b5d70000 - 0x00007ff8b5ddb000 	C:\WINDOWS\System32\WS2_32.dll
0x00007ff8b4980000 - 0x00007ff8b49cb000 	C:\WINDOWS\SYSTEM32\POWRPROF.dll
0x00007ff8ab5e0000 - 0x00007ff8ab607000 	C:\WINDOWS\SYSTEM32\WINMM.dll
0x00007ff8abbd0000 - 0x00007ff8abbda000 	C:\WINDOWS\SYSTEM32\VERSION.dll
0x00007ff8b47f0000 - 0x00007ff8b4802000 	C:\WINDOWS\SYSTEM32\UMPDC.dll
0x00007ff8b3270000 - 0x00007ff8b3282000 	C:\WINDOWS\SYSTEM32\kernel.appcore.dll
0x00007ff8b28b0000 - 0x00007ff8b28ba000 	C:\Users\Admin\.p2\pool\plugins\org.eclipse.justj.openjdk.hotspot.jre.full.win32.x86_64_22.0.2.v20240802-1626\jre\bin\jimage.dll
0x00007ff89f9c0000 - 0x00007ff89fba4000 	C:\WINDOWS\SYSTEM32\DBGHELP.DLL
0x00007ff89f980000 - 0x00007ff89f9b4000 	C:\WINDOWS\SYSTEM32\dbgcore.DLL
0x00007ff8b5960000 - 0x00007ff8b59e2000 	C:\WINDOWS\System32\bcryptPrimitives.dll
0x00007ff8b0cc0000 - 0x00007ff8b0cde000 	C:\Users\Admin\.p2\pool\plugins\org.eclipse.justj.openjdk.hotspot.jre.full.win32.x86_64_22.0.2.v20240802-1626\jre\bin\java.dll
0x00007ff8b6550000 - 0x00007ff8b6cbf000 	C:\WINDOWS\System32\SHELL32.dll
0x00007ff8b6250000 - 0x00007ff8b637b000 	C:\WINDOWS\System32\ole32.dll
0x00007ff8b71e0000 - 0x00007ff8b7533000 	C:\WINDOWS\System32\combase.dll
0x00007ff8afab0000 - 0x00007ff8afac7000 	C:\Users\Admin\.p2\pool\plugins\org.eclipse.justj.openjdk.hotspot.jre.full.win32.x86_64_22.0.2.v20240802-1626\jre\bin\zip.dll
0x00007ff8b3470000 - 0x00007ff8b3c14000 	C:\WINDOWS\SYSTEM32\windows.storage.dll
0x00007ff8b4e20000 - 0x00007ff8b4e4e000 	C:\WINDOWS\SYSTEM32\Wldp.dll
0x00007ff8b7540000 - 0x00007ff8b760d000 	C:\WINDOWS\System32\OLEAUT32.dll
0x00007ff8b6400000 - 0x00007ff8b64ad000 	C:\WINDOWS\System32\SHCORE.dll
0x00007ff8b5de0000 - 0x00007ff8b5e35000 	C:\WINDOWS\System32\shlwapi.dll
0x00007ff8b5320000 - 0x00007ff8b5344000 	C:\WINDOWS\SYSTEM32\profapi.dll
0x00007ff8b16c0000 - 0x00007ff8b16d0000 	C:\Users\Admin\.p2\pool\plugins\org.eclipse.justj.openjdk.hotspot.jre.full.win32.x86_64_22.0.2.v20240802-1626\jre\bin\net.dll
0x00007ff8b4b80000 - 0x00007ff8b4bea000 	C:\WINDOWS\system32\mswsock.dll
0x00007ff8afa90000 - 0x00007ff8afaa6000 	C:\Users\Admin\.p2\pool\plugins\org.eclipse.justj.openjdk.hotspot.jre.full.win32.x86_64_22.0.2.v20240802-1626\jre\bin\nio.dll
0x00007ff8afc70000 - 0x00007ff8afc80000 	C:\Users\Admin\.p2\pool\plugins\org.eclipse.justj.openjdk.hotspot.jre.full.win32.x86_64_22.0.2.v20240802-1626\jre\bin\verify.dll
0x00007ff8b4860000 - 0x00007ff8b492a000 	C:\WINDOWS\SYSTEM32\DNSAPI.dll
0x00007ff8b4810000 - 0x00007ff8b484b000 	C:\WINDOWS\SYSTEM32\IPHLPAPI.DLL
0x00007ff8b6240000 - 0x00007ff8b6248000 	C:\WINDOWS\System32\NSI.dll
0x00007ff8a6700000 - 0x00007ff8a670a000 	C:\Windows\System32\rasadhlp.dll
0x00007ff8a6980000 - 0x00007ff8a6a00000 	C:\WINDOWS\System32\fwpuclnt.dll
0x00007ff8aee70000 - 0x00007ff8aee79000 	C:\Users\Admin\.p2\pool\plugins\org.eclipse.justj.openjdk.hotspot.jre.full.win32.x86_64_22.0.2.v20240802-1626\jre\bin\extnet.dll
0x00007ff8b4d70000 - 0x00007ff8b4d88000 	C:\WINDOWS\SYSTEM32\CRYPTSP.dll
0x00007ff8b4430000 - 0x00007ff8b4464000 	C:\WINDOWS\system32\rsaenh.dll
0x00007ff8b52a0000 - 0x00007ff8b52ce000 	C:\WINDOWS\SYSTEM32\USERENV.dll
0x00007ff8b4d90000 - 0x00007ff8b4d9c000 	C:\WINDOWS\SYSTEM32\CRYPTBASE.dll
0x00007ff8afa80000 - 0x00007ff8afa8e000 	C:\Users\Admin\.p2\pool\plugins\org.eclipse.justj.openjdk.hotspot.jre.full.win32.x86_64_22.0.2.v20240802-1626\jre\bin\sunmscapi.dll
0x00007ff8b56e0000 - 0x00007ff8b583c000 	C:\WINDOWS\System32\CRYPT32.dll
0x00007ff8b4e90000 - 0x00007ff8b4eb7000 	C:\WINDOWS\SYSTEM32\ncrypt.dll
0x00007ff8b4e50000 - 0x00007ff8b4e8b000 	C:\WINDOWS\SYSTEM32\NTASN1.dll
0x00007ff8ae9c0000 - 0x00007ff8ae9c7000 	C:\WINDOWS\system32\wshunix.dll

dbghelp: loaded successfully - version: 4.0.5 - missing functions: none
symbol engine: initialized successfully - sym options: 0x614 - pdb path: .;C:\Users\Admin\.p2\pool\plugins\org.eclipse.justj.openjdk.hotspot.jre.full.win32.x86_64_22.0.2.v20240802-1626\jre\bin;C:\WINDOWS\SYSTEM32;C:\WINDOWS\WinSxS\amd64_microsoft.windows.common-controls_6595b64144ccf1df_6.0.19041.4355_none_60b8b9eb71f62e16;C:\Users\Admin\.p2\pool\plugins\org.eclipse.justj.openjdk.hotspot.jre.full.win32.x86_64_22.0.2.v20240802-1626\jre\bin\server

VM Arguments:
jvm_args: -ea -Dfile.encoding=UTF-8 -Dstdout.encoding=UTF-8 -Dstderr.encoding=UTF-8 -XX:+ShowCodeDetailsInExceptionMessages 
java_command: org.testng.remote.RemoteTestNG -serport 51108 -protocol json -d C:\Users\Admin\eclipse-workspace\PracticeWP\CucumberFramwork\test-output C:\Users\Admin\AppData\Local\Temp\testng-eclipse--1194607911\testng-customsuite.xml
java_class_path (initial): C:\Users\Admin\eclipse\java-2024-092\eclipse\configuration\org.eclipse.osgi\553\0\.cp\lib\testng-remote.jar;C:\Users\Admin\eclipse-workspace\PracticeWP\CucumberFramwork\target\test-classes;C:\Users\Admin\eclipse-workspace\PracticeWP\CucumberFramwork\target\classes;C:\Users\Admin\.m2\repository\io\cucumber\cucumber-java\7.20.1\cucumber-java-7.20.1.jar;C:\Users\Admin\.m2\repository\io\cucumber\cucumber-core\7.20.1\cucumber-core-7.20.1.jar;C:\Users\Admin\.m2\repository\io\cucumber\cucumber-gherkin\7.20.1\cucumber-gherkin-7.20.1.jar;C:\Users\Admin\.m2\repository\io\cucumber\cucumber-gherkin-messages\7.20.1\cucumber-gherkin-messages-7.20.1.jar;C:\Users\Admin\.m2\repository\io\cucumber\gherkin\28.0.0\gherkin-28.0.0.jar;C:\Users\Admin\.m2\repository\io\cucumber\messages\24.1.0\messages-24.1.0.jar;C:\Users\Admin\.m2\repository\io\cucumber\testng-xml-formatter\0.2.0\testng-xml-formatter-0.2.0.jar;C:\Users\Admin\.m2\repository\io\cucumber\query\12.2.0\query-12.2.0.jar;C:\Users\Admin\.m2\repository\io\cucumber\tag-expressions\6.1.0\tag-expressions-6.1.0.jar;C:\Users\Admin\.m2\repository\io\cucumber\cucumber-expressions\17.1.0\cucumber-expressions-17.1.0.jar;C:\Users\Admin\.m2\repository\io\cucumber\datatable\7.20.1\datatable-7.20.1.jar;C:\Users\Admin\.m2\repository\io\cucumber\cucumber-plugin\7.20.1\cucumber-plugin-7.20.1.jar;C:\Users\Admin\.m2\repository\io\cucumber\docstring\7.20.1\docstring-7.20.1.jar;C:\Users\Admin\.m2\repository\io\cucumber\html-formatter\21.7.0\html-formatter-21.7.0.jar;C:\Users\Admin\.m2\repository\io\cucumber\junit-xml-formatter\0.5.0\junit-xml-formatter-0.5.0.jar;C:\Users\Admin\.m2\repository\io\cucumber\ci-environment\10.0.1\ci-environment-10.0.1.jar;C:\Users\Admin\.m2\repository\org\apiguardian\apiguardian-api\1.1.2\apiguardian-api-1.1.2.jar;C:\Users\Admin\.m2\repository\commons-io\commons-io\2.17.0\commons-io-2.17.0.jar;C:\Users\Admin\.m2\repository\tech\grasshopper\extentreports-cucumber7-adapter\1.14.0\extentreports-cucumber7-adapter-1.14.0.jar;C:\Users\Admin\.m2\repository\tech\grasshopper\extent-pdf-report\2.12.0\extent-pdf-report-2.12.0.jar;C:\Users\Admin\.m2\repository\tech\grasshopper\cucumber-pdf-report\2.14.0\cucumber-pdf-report-2.14.0.jar;C:\Users\Admin\.m2\repository\org\apache\pdfbox\pdfbox\2.0.26\pdfbox-2.0.26.jar;C:\Users\Admin\.m2\repository\org\apache\pdfbox\fontbox\2.0.26\fontbox-2.0.26.jar;C:\Users\Admin\.m2\repository\org\knowm\xchart\xchart\3.8.0\xchart-3.8.0.jar;C:\Users\Admin\.m2\repository\de\erichseifert\vectorgraphics2d\VectorGraphics2D\0.13\VectorGraphics2D-0.13.jar;C:\Users\Admin\.m2\repository\de\rototor\pdfbox\graphics2d\0.30\graphics2d-0.30.jar;C:\Users\Admin\.m2\repository\com\madgag\animated-gif-lib\1.4\animated-gif-lib-1.4.jar;C:\Users\Admin\.m2\repository\org\yaml\snakeyaml\2.0\snakeyaml-2.0.jar;C:\Users\Admin\.m2\repository\tech\grasshopper\table-layout\1.5.1\table-layout-1.5.1.jar;C:\Users\Admin\.m2\repository\tech\grasshopper\rest-assured-cucumber-pdf-report\1.5.0\rest-assured-cucumber-pdf-report-1.5.0.jar;C:\Users\Admin\.m2\repository\org\jsoup\jsoup\1.15.3\jsoup-1.15.3.jar;C:\Users\Admin\.m2\repository\com\aventstack\klov-reporter\5.1.0\klov-reporter-5.1.0.jar;C:\Users\Admin\.m2\repository\org\mongodb\mongodb-driver\3.6.4\mongodb-driver-3.6.4.jar;C:\Users\Admin\.m2\repository\org\mongodb\mongodb-driver-core\3.6.4\mongodb-driver-core-3.6.4.jar;C:\Users\Admin\.m2\repository\org\mongodb\bson\3.6.4\bson-3.6.4.jar;C:\Users\Admin\.m2\repository\org\apache\httpcomponents\httpclient\4.5.13\httpclient-4.5.13.jar;C:\Users\Admin\.m2\repository\org\apache\httpcomponents\httpcore\4.4.13\httpcore-4.4.13.jar;C:\Users\Admin\.m2\repository\commons-logging\commons-logging\1.2\commons-logging-1.2.jar;C:\Users\Admin\.m2\repository\commons-codec\commons-codec\1.11\commons-codec-1.11.jar;C:\Users\Admin\.m2\repository\org\apache\httpcomponents\httpmime\4.5.13\httpmime-4.5.13.jar;C:\Users\Admin\.m2\repository\tech\grasshopper\htmlextentreporter\1.1.0\htmlextentreporter-1.1.0.jar;C:\Users\Admin\.m2\repository\tech\grasshopper\extent-excel-report\1.4.0\extent-excel-report-1.4.0.jar;C:\Users\Admin\.m2\repository\org\apache\poi\poi\5.2.3\poi-5.2.3.jar;C:\Users\Admin\.m2\repository\org\apache\commons\commons-collections4\4.4\commons-collections4-4.4.jar;C:\Users\Admin\.m2\repository\org\apache\commons\commons-math3\3.6.1\commons-math3-3.6.1.jar;C:\Users\Admin\.m2\repository\com\zaxxer\SparseBitSet\1.2\SparseBitSet-1.2.jar;C:\Users\Admin\.m2\repository\org\apache\logging\log4j\log4j-api\2.18.0\log4j-api-2.18.0.jar;C:\Users\Admin\.m2\repository\org\apache\poi\poi-ooxml\5.2.3\poi-ooxml-5.2.3.jar;C:\Users\Admin\.m2\repository\org\apache\poi\poi-ooxml-lite\5.2.3\poi-ooxml-lite-5.2.3.jar;C:\Users\Admin\.m2\repository\org\apache\xmlbeans\xmlbeans\5.1.1\xmlbeans-5.1.1.jar;C:\Users\Admin\.m2\repository\org\apache\commons\commons-compress\1.21\commons-compress-1.21.jar;C:\Users\Admin\.m2\repository\com\github\virtuald\curvesapi\1.07\curvesapi-1.07.jar;C:\Users\Admin\.m2\repository\com\aventstack\extentreports\5.1.2\extentreports-5.1.2.jar;C:\Users\Admin\.m2\repository\io\reactivex\rxjava3\rxjava\3.1.6\rxjava-3.1.6.jar;C:\Users\Admin\.m2\repository\org\reactivestreams\reactive-streams\1.0.4\reactive-streams-1.0.4.jar;C:\Users\Admin\.m2\repository\org\freemarker\freemarker\2.3.32\freemarker-2.3.32.jar;C:\Users\Admin\.m2\repository\org\projectlombok\lombok\1.18.26\lombok-1.18.26.jar;C:\Users\Admin\.m2\repository\com\google\code\gson\gson\2.10.1\gson-2.10.1.jar;C:\Users\Admin\.m2\repository\io\cucumber\cucumber-testng\7.20.1\cucumber-testng-7.20.1.jar;C:\Users\Admin\.m2\repository\org\testng\testng\7.10.2\testng-7.10.2.jar;C:\Users\Admin\.m2\repository\org\slf4j\slf4j-api\1.7.36\slf4j-api-1.7.36.jar;C:\Users\Admin\.m2\repository\com\beust\jcommander\1.82\jcommander-1.82.jar;C:\Users\Admin\.m2\repository\org\webjars\jquery\3.7.1\jquery-3.7.1.jar;C:\Users\Admin\.m2\repository\org\seleniumhq\selenium\selenium-java\4.25.0\selenium-java-4.25.0.jar;C:\Users\Admin\.m2\repository\org\seleniumhq\selenium\selenium-api\4.25.0\selenium-api-4.25.0.jar;C:\Users\Admin\.m2\repository\org\jspecify\jspecify\1.0.0\jspecify-1.0.0.jar;C:\Users\Admin\.m2\repository\org\seleniumhq\selenium\selenium-chrome-driver\4.25.0\selenium-chrome-driver-4.25.0.jar;C:\Users\Admin\.m2\repository\com\google\auto\service\auto-service-annotations\1.1.1\auto-service-annotations-1.1.1.jar;C:\Users\Admin\.m2\repository\org\seleniumhq\selenium\selenium-chromium-driver\4.25.0\selenium-chromium-driver-4.25.0.jar;C:\Users\Admin\.m2\repository\org\seleniumhq\selenium\selenium-json\4.25.0\selenium-json-4.25.0.jar;C:\Users\Admin\.m2\repository\org\seleniumhq\selenium\selenium-manager\4.25.0\selenium-manager-4.25.0.jar;C:\Users\Admin\.m2\repository\org\seleniumhq\selenium\selenium-devtools-v127\4.25.0\selenium-devtools-v127-4.25.0.jar;C:\Users\Admin\.m2\repository\org\seleniumhq\selenium\selenium-devtools-v128\4.25.0\selenium-devtools-v128-4.25.0.jar;C:\Users\Admin\.m2\repository\org\seleniumhq\selenium\selenium-devtools-v129\4.25.0\selenium-devtools-v129-4.25.0.jar;C:\Users\Admin\.m2\repository\org\seleniumhq\selenium\selenium-devtools-v85\4.25.0\selenium-devtools-v85-4.25.0.jar;C:\Users\Admin\.m2\repository\org\seleniumhq\selenium\selenium-edge-driver\4.25.0\selenium-edge-driver-4.25.0.jar;C:\Users\Admin\.m2\repository\org\seleniumhq\selenium\selenium-firefox-driver\4.25.0\selenium-firefox-driver-4.25.0.jar;C:\Users\Admin\.m2\repository\org\seleniumhq\selenium\selenium-http\4.25.0\selenium-http-4.25.0.jar;C:\Users\Admin\.m2\repository\dev\failsafe\failsafe\3.3.2\failsafe-3.3.2.jar;C:\Users\Admin\.m2\repository\org\seleniumhq\selenium\selenium-ie-driver\4.25.0\selenium-ie-driver-4.25.0.jar;C:\Users\Admin\.m2\repository\org\seleniumhq\selenium\selenium-remote-driver\4.25.0\selenium-remote-driver-4.25.0.jar;C:\Users\Admin\.m2\repository\com\google\guava\guava\33.3.0-jre\guava-33.3.0-jre.jar;C:\Users\Admin\.m2\repository\com\google\guava\failureaccess\1.0.2\failureaccess-1.0.2.jar;C:\Users\Admin\.m2\repository\com\google\guava\listenablefuture\9999.0-empty-to-avoid-conflict-with-guava\listenablefuture-9999.0-empty-to-avoid-conflict-with-guava.jar;C:\Users\Admin\.m2\repository\com\google\code\findbugs\jsr305\3.0.2\jsr305-3.0.2.jar;C:\Users\Admin\.m2\repository\org\checkerframework\checker-qual\3.43.0\checker-qual-3.43.0.jar;C:\Users\Admin\.m2\repository\com\google\errorprone\error_prone_annotations\2.28.0\error_prone_annotations-2.28.0.jar;C:\Users\Admin\.m2\repository\com\google\j2objc\j2objc-annotations\3.0.0\j2objc-annotations-3.0.0.jar;C:\Users\Admin\.m2\repository\io\opentelemetry\semconv\opentelemetry-semconv\1.25.0-alpha\opentelemetry-semconv-1.25.0-alpha.jar;C:\Users\Admin\.m2\repository\io\opentelemetry\opentelemetry-api\1.42.1\opentelemetry-api-1.42.1.jar;C:\Users\Admin\.m2\repository\io\opentelemetry\opentelemetry-context\1.42.1\opentelemetry-context-1.42.1.jar;C:\Users\Admin\.m2\repository\io\opentelemetry\opentelemetry-exporter-logging\1.42.1\opentelemetry-exporter-logging-1.42.1.jar;C:\Users\Admin\.m2\repository\io\opentelemetry\opentelemetry-sdk-common\1.42.1\opentelemetry-sdk-common-1.42.1.jar;C:\Users\Admin\.m2\repository\io\opentelemetry\opentelemetry-sdk-extension-autoconfigure-spi\1.42.1\opentelemetry-sdk-extension-autoconfigure-spi-1.42.1.jar;C:\Users\Admin\.m2\repository\io\opentelemetry\opentelemetry-sdk-extension-autoconfigure\1.42.1\opentelemetry-sdk-extension-autoconfigure-1.42.1.jar;C:\Users\Admin\.m2\repository\io\opentelemetry\opentelemetry-api-incubator\1.42.1-alpha\opentelemetry-api-incubator-1.42.1-alpha.jar;C:\Users\Admin\.m2\repository\io\opentelemetry\opentelemetry-sdk-trace\1.42.1\opentelemetry-sdk-trace-1.42.1.jar;C:\Users\Admin\.m2\repository\io\opentelemetry\opentelemetry-sdk\1.42.1\opentelemetry-sdk-1.42.1.jar;C:\Users\Admin\.m2\repository\io\opentelemetry\opentelemetry-sdk-metrics\1.42.1\opentelemetry-sdk-metrics-1.42.1.jar;C:\Users\Admin\.m2\repository\io\opentelemetry\opentelemetry-sdk-logs\1.42.1\opentelemetry-sdk-logs-1.42.1.jar;C:\Users\Admin\.m2\repository\net\bytebuddy\byte-buddy\1.15.1\byte-buddy-1.15.1.jar;C:\Users\Admin\.m2\repository\org\seleniumhq\selenium\selenium-os\4.25.0\selenium-os-4.25.0.jar;C:\Users\Admin\.m2\repository\org\apache\commons\commons-exec\1.4.0\commons-exec-1.4.0.jar;C:\Users\Admin\.m2\repository\org\seleniumhq\selenium\selenium-safari-driver\4.25.0\selenium-safari-driver-4.25.0.jar;C:\Users\Admin\.m2\repository\org\seleniumhq\selenium\selenium-support\4.25.0\selenium-support-4.25.0.jar;C:\Users\Admin\.m2\repository\io\cucumber\cucumber-picocontainer\7.20.1\cucumber-picocontainer-7.20.1.jar;C:\Users\Admin\.m2\repository\org\picocontainer\picocontainer\2.15\picocontainer-2.15.jar
Launcher Type: SUN_STANDARD

[Global flags]
     intx CICompilerCount                          = 3                                         {product} {ergonomic}
     uint ConcGCThreads                            = 1                                         {product} {ergonomic}
     uint G1ConcRefinementThreads                  = 4                                         {product} {ergonomic}
   size_t G1HeapRegionSize                         = 1048576                                   {product} {ergonomic}
   size_t InitialHeapSize                          = 62914560                                  {product} {ergonomic}
   size_t MarkStackSize                            = 4194304                                   {product} {ergonomic}
   size_t MaxHeapSize                              = 1004535808                                {product} {ergonomic}
   size_t MaxNewSize                               = 601882624                                 {product} {ergonomic}
   size_t MinHeapDeltaBytes                        = 1048576                                   {product} {ergonomic}
   size_t MinHeapSize                              = 8388608                                   {product} {ergonomic}
    uintx NonNMethodCodeHeapSize                   = 5832780                                {pd product} {ergonomic}
    uintx NonProfiledCodeHeapSize                  = 122912730                              {pd product} {ergonomic}
    uintx ProfiledCodeHeapSize                     = 122912730                              {pd product} {ergonomic}
    uintx ReservedCodeCacheSize                    = 251658240                              {pd product} {ergonomic}
     bool SegmentedCodeCache                       = true                                      {product} {ergonomic}
     bool ShowCodeDetailsInExceptionMessages       = true                                   {manageable} {command line}
   size_t SoftMaxHeapSize                          = 1004535808                             {manageable} {ergonomic}
     bool UseCompressedOops                        = true                           {product lp64_product} {ergonomic}
     bool UseG1GC                                  = true                                      {product} {ergonomic}
     bool UseLargePagesIndividualAllocation        = false                                  {pd product} {ergonomic}

Logging:
Log output configuration:
 #0: stdout all=warning uptime,level,tags foldmultilines=false
 #1: stderr all=off uptime,level,tags foldmultilines=false

Environment Variables:
JAVA_HOME=C:\Program Files\Java\jdk-17
PATH=C:/Users/Admin/.p2/pool/plugins/org.eclipse.justj.openjdk.hotspot.jre.full.win32.x86_64_22.0.2.v20240802-1626/jre/bin/server;C:/Users/Admin/.p2/pool/plugins/org.eclipse.justj.openjdk.hotspot.jre.full.win32.x86_64_22.0.2.v20240802-1626/jre/bin;C:\WINDOWS\system32\config\systemprofile\AppData\Local\Microsoft\WindowsApps;C:\Program Files\Java\jdk-17\bin;C:\Program Files\Git\cmd;C:\Program Files\Maven\apache-maven-3.8.2\bin;C:\WINDOWS\system32;C:\WINDOWS;C:\WINDOWS\System32\Wbem;C:\WINDOWS\System32\WindowsPowerShell\v1.0\;C:\WINDOWS\System32\OpenSSH\;C:\Program Files\Chrome96version;C:\Users\Admin\AppData\Local\Microsoft\WindowsApps;;C:\Users\Admin\Desktop;
USERNAME=Admin
OS=Windows_NT
PROCESSOR_IDENTIFIER=Intel64 Family 6 Model 37 Stepping 5, GenuineIntel
TMP=C:\Users\Admin\AppData\Local\Temp
TEMP=C:\Users\Admin\AppData\Local\Temp




Periodic native trim disabled

---------------  S Y S T E M  ---------------

OS:
 Windows 10 , 64 bit Build 19041 (10.0.19041.4957)
OS uptime: 0 days 14:23 hours

CPU: total 4 (initial active 4) (2 cores per cpu, 2 threads per core) family 6 model 37 stepping 5 microcode 0x7, cx8, cmov, fxsr, ht, mmx, sse, sse2, sse3, ssse3, sse4.1, sse4.2, popcnt, tsc, tscinvbit, clflush, rdtscp
Processor Information for all 4 processors :
  Max Mhz: 2533, Current Mhz: 2533, Mhz Limit: 2533

Memory: 4k page, system-wide physical 3828M (397M free)
TotalPageFile size 5876M (AvailPageFile size 34M)
current process WorkingSet (physical memory assigned to process): 142M, peak: 164M
current process commit charge ("private bytes"): 165M, peak: 188M

vm_info: OpenJDK 64-Bit Server VM (22.0.2+9) for windows-amd64 JRE (22.0.2+9), built on 2024-07-16T00:00:00Z by "admin" with MS VC++ 17.7 (VS2022)

END.
